SF:D:\3204-Ridham.C-24-Dotnet\DotNetCoreAdvance\Day2\Practice\Practice1\Source\SignalRPractice\Program.cs
FN:14,System.Void Program::<Main>$(System.String[])
FNDA:0,System.Void Program::<Main>$(System.String[])
DA:15,0
DA:16,0
DA:19,0
DA:20,0
DA:21,0
DA:23,0
DA:25,0
DA:26,0
DA:27,0
DA:29,0
DA:30,0
DA:31,0
DA:33,0
DA:34,0
DA:35,0
DA:36,0
DA:37,0
DA:38,0
DA:39,0
DA:40,0
DA:41,0
DA:42,0
DA:43,0
DA:44,0
DA:45,0
DA:46,0
DA:48,0
DA:51,0
DA:52,0
DA:53,0
DA:55,0
DA:57,0
DA:58,0
DA:59,0
DA:60,0
DA:61,0
DA:63,0
DA:65,0
DA:66,0
DA:69,0
DA:70,0
DA:72,0
DA:73,0
DA:75,0
BRDA:57,340,0,0
BRDA:57,340,1,0
FN:78,System.String Program::<<Main>$>g__LocalIPAddress|0_4()
FNDA:0,System.String Program::<<Main>$>g__LocalIPAddress|0_4()
DA:79,0
DA:80,0
DA:81,0
DA:82,0
DA:83,0
DA:84,0
DA:85,0
DA:86,0
DA:89,0
DA:90,0
DA:93,0
BRDA:84,46,0,0
BRDA:84,46,1,0
LF:55
LH:0
BRF:4
BRH:0
FNF:2
FNH:0
end_of_record
SF:D:\3204-Ridham.C-24-Dotnet\DotNetCoreAdvance\Day2\Practice\Practice1\Source\SignalRPractice\Service\TokenService.cs
FN:18,System.String SignalRPractice.Service.TokenService::GenerateToken(Microsoft.AspNetCore.Identity.IdentityUser,System.Collections.Generic.IList`1<System.String>)
FNDA:2,System.String SignalRPractice.Service.TokenService::GenerateToken(Microsoft.AspNetCore.Identity.IdentityUser,System.Collections.Generic.IList`1<System.String>)
DA:19,2
DA:21,2
DA:22,2
DA:23,2
DA:24,2
DA:25,2
DA:26,2
DA:28,10
DA:29,2
DA:30,2
DA:31,2
DA:33,2
DA:35,2
DA:38,2
DA:40,2
DA:41,2
BRDA:28,124,1,2
BRDA:28,124,0,2
FN:12,System.Void SignalRPractice.Service.TokenService::.ctor(Microsoft.Extensions.Configuration.IConfiguration)
FNDA:4,System.Void SignalRPractice.Service.TokenService::.ctor(Microsoft.Extensions.Configuration.IConfiguration)
DA:13,4
DA:14,4
DA:15,4
DA:16,4
LF:20
LH:20
BRF:2
BRH:2
FNF:2
FNH:2
end_of_record
SF:D:\3204-Ridham.C-24-Dotnet\DotNetCoreAdvance\Day2\Practice\Practice1\Source\SignalRPractice\Repository\ChatRepository.cs
FN:11,System.Void SignalRPractice.Repository.ChatRepository::.ctor(SignalRPractice.Data.Context)
FNDA:0,System.Void SignalRPractice.Repository.ChatRepository::.ctor(SignalRPractice.Data.Context)
DA:12,0
DA:13,0
DA:14,0
DA:15,0
FN:17,System.Void SignalRPractice.Repository.ChatRepository/<AddMessage>d__2::MoveNext()
FNDA:0,System.Void SignalRPractice.Repository.ChatRepository/<AddMessage>d__2::MoveNext()
DA:18,0
DA:19,0
DA:20,0
FN:32,System.Void SignalRPractice.Repository.ChatRepository/<GetAllMessages>d__5::MoveNext()
FNDA:0,System.Void SignalRPractice.Repository.ChatRepository/<GetAllMessages>d__5::MoveNext()
DA:33,0
DA:34,0
DA:35,0
FN:22,System.Void SignalRPractice.Repository.ChatRepository/<GetMessageOfUser>d__3::MoveNext()
FNDA:0,System.Void SignalRPractice.Repository.ChatRepository/<GetMessageOfUser>d__3::MoveNext()
DA:23,0
DA:24,0
DA:25,0
FN:27,System.Void SignalRPractice.Repository.ChatRepository/<SaveChangesAsync>d__4::MoveNext()
FNDA:0,System.Void SignalRPractice.Repository.ChatRepository/<SaveChangesAsync>d__4::MoveNext()
DA:28,0
DA:29,0
DA:30,0
LF:16
LH:0
BRF:0
BRH:0
FNF:5
FNH:0
end_of_record
SF:D:\3204-Ridham.C-24-Dotnet\DotNetCoreAdvance\Day2\Practice\Practice1\Source\SignalRPractice\Repository\UserRepo.cs
FN:18,System.Linq.IQueryable`1<Microsoft.AspNetCore.Identity.IdentityUser> SignalRPractice.Repository.UserRepo::GetContacts(System.String)
FNDA:0,System.Linq.IQueryable`1<Microsoft.AspNetCore.Identity.IdentityUser> SignalRPractice.Repository.UserRepo::GetContacts(System.String)
DA:19,0
DA:20,0
DA:21,0
FN:11,System.Void SignalRPractice.Repository.UserRepo::.ctor(SignalRPractice.Data.Context,Microsoft.AspNetCore.Identity.UserManager`1<Microsoft.AspNetCore.Identity.IdentityUser>)
FNDA:0,System.Void SignalRPractice.Repository.UserRepo::.ctor(SignalRPractice.Data.Context,Microsoft.AspNetCore.Identity.UserManager`1<Microsoft.AspNetCore.Identity.IdentityUser>)
DA:12,0
DA:13,0
DA:14,0
DA:15,0
DA:16,0
LF:8
LH:0
BRF:0
BRH:0
FNF:2
FNH:0
end_of_record
SF:D:\3204-Ridham.C-24-Dotnet\DotNetCoreAdvance\Day2\Practice\Practice1\Source\SignalRPractice\Models\Chat.cs
FN:4,System.Int32 SignalRPractice.Models.Chat::get_Id()
FNDA:0,System.Int32 SignalRPractice.Models.Chat::get_Id()
DA:5,0
FN:5,System.String SignalRPractice.Models.Chat::get_senderId()
FNDA:0,System.String SignalRPractice.Models.Chat::get_senderId()
DA:6,0
FN:6,System.String SignalRPractice.Models.Chat::get_recieverId()
FNDA:0,System.String SignalRPractice.Models.Chat::get_recieverId()
DA:7,0
FN:7,System.String SignalRPractice.Models.Chat::get_Message()
FNDA:0,System.String SignalRPractice.Models.Chat::get_Message()
DA:8,0
FN:8,System.DateTime SignalRPractice.Models.Chat::get_ts()
FNDA:0,System.DateTime SignalRPractice.Models.Chat::get_ts()
DA:9,0
LF:5
LH:0
BRF:0
BRH:0
FNF:5
FNH:0
end_of_record
SF:D:\3204-Ridham.C-24-Dotnet\DotNetCoreAdvance\Day2\Practice\Practice1\Source\SignalRPractice\Migrations\20250219122654_Initial.cs
FN:10,System.Void SignalRPractice.Migrations.Initial::Up(Microsoft.EntityFrameworkCore.Migrations.MigrationBuilder)
FNDA:0,System.Void SignalRPractice.Migrations.Initial::Up(Microsoft.EntityFrameworkCore.Migrations.MigrationBuilder)
DA:11,0
DA:12,0
DA:13,0
DA:14,0
DA:15,0
DA:16,0
DA:17,0
DA:18,0
DA:19,0
DA:20,0
DA:21,0
DA:22,0
DA:23,0
DA:24,0
DA:26,0
DA:27,0
DA:28,0
DA:29,0
DA:30,0
DA:31,0
DA:32,0
DA:33,0
DA:34,0
DA:35,0
DA:36,0
DA:37,0
DA:38,0
DA:39,0
DA:40,0
DA:41,0
DA:42,0
DA:43,0
DA:44,0
DA:45,0
DA:46,0
DA:47,0
DA:48,0
DA:49,0
DA:51,0
DA:52,0
DA:53,0
DA:54,0
DA:55,0
DA:56,0
DA:57,0
DA:58,0
DA:59,0
DA:60,0
DA:61,0
DA:62,0
DA:63,0
DA:64,0
DA:65,0
DA:67,0
DA:68,0
DA:69,0
DA:70,0
DA:71,0
DA:72,0
DA:73,0
DA:74,0
DA:75,0
DA:76,0
DA:77,0
DA:78,0
DA:79,0
DA:80,0
DA:81,0
DA:82,0
DA:83,0
DA:84,0
DA:85,0
DA:86,0
DA:88,0
DA:89,0
DA:90,0
DA:91,0
DA:92,0
DA:93,0
DA:94,0
DA:95,0
DA:96,0
DA:97,0
DA:98,0
DA:99,0
DA:100,0
DA:101,0
DA:102,0
DA:103,0
DA:104,0
DA:105,0
DA:106,0
DA:107,0
DA:109,0
DA:110,0
DA:111,0
DA:112,0
DA:113,0
DA:114,0
DA:115,0
DA:116,0
DA:117,0
DA:118,0
DA:119,0
DA:120,0
DA:121,0
DA:122,0
DA:123,0
DA:124,0
DA:125,0
DA:126,0
DA:127,0
DA:129,0
DA:130,0
DA:131,0
DA:132,0
DA:133,0
DA:134,0
DA:135,0
DA:136,0
DA:137,0
DA:138,0
DA:139,0
DA:140,0
DA:141,0
DA:142,0
DA:143,0
DA:144,0
DA:145,0
DA:146,0
DA:147,0
DA:148,0
DA:149,0
DA:150,0
DA:151,0
DA:153,0
DA:154,0
DA:155,0
DA:156,0
DA:157,0
DA:158,0
DA:159,0
DA:160,0
DA:161,0
DA:162,0
DA:163,0
DA:164,0
DA:165,0
DA:166,0
DA:167,0
DA:168,0
DA:169,0
DA:170,0
DA:171,0
DA:173,0
DA:174,0
DA:175,0
DA:176,0
DA:177,0
DA:178,0
DA:179,0
DA:180,0
DA:182,0
DA:183,0
DA:184,0
DA:185,0
DA:186,0
DA:187,0
DA:188,0
DA:189,0
DA:190,0
DA:192,0
DA:193,0
DA:194,0
DA:195,0
DA:197,0
DA:198,0
DA:199,0
DA:200,0
DA:202,0
DA:203,0
DA:204,0
DA:205,0
DA:207,0
DA:208,0
DA:209,0
DA:210,0
DA:212,0
DA:213,0
DA:214,0
DA:215,0
DA:216,0
DA:217,0
DA:219,0
DA:220,0
DA:221,0
DA:222,0
DA:224,0
DA:225,0
DA:226,0
DA:227,0
DA:229,0
DA:230,0
DA:231,0
DA:232,0
DA:234,0
DA:235,0
DA:236,0
DA:237,0
DA:239,0
DA:240,0
DA:241,0
DA:242,0
DA:243,0
DA:244,0
DA:245,0
FN:247,System.Void SignalRPractice.Migrations.Initial::Down(Microsoft.EntityFrameworkCore.Migrations.MigrationBuilder)
FNDA:0,System.Void SignalRPractice.Migrations.Initial::Down(Microsoft.EntityFrameworkCore.Migrations.MigrationBuilder)
DA:248,0
DA:249,0
DA:250,0
DA:252,0
DA:253,0
DA:255,0
DA:256,0
DA:258,0
DA:259,0
DA:261,0
DA:262,0
DA:264,0
DA:265,0
DA:267,0
DA:268,0
DA:270,0
DA:271,0
DA:272,0
LF:234
LH:0
BRF:0
BRH:0
FNF:2
FNH:0
end_of_record
SF:D:\3204-Ridham.C-24-Dotnet\DotNetCoreAdvance\Day2\Practice\Practice1\Source\SignalRPractice\Migrations\20250219122654_Initial.Designer.cs
FN:18,System.Void SignalRPractice.Migrations.Initial::BuildTargetModel(Microsoft.EntityFrameworkCore.ModelBuilder)
FNDA:0,System.Void SignalRPractice.Migrations.Initial::BuildTargetModel(Microsoft.EntityFrameworkCore.ModelBuilder)
DA:19,0
DA:21,0
DA:22,0
DA:23,0
DA:25,0
DA:27,0
DA:28,0
DA:29,0
DA:30,0
DA:31,0
DA:32,0
DA:33,0
DA:34,0
DA:35,0
DA:36,0
DA:37,0
DA:38,0
DA:39,0
DA:40,0
DA:41,0
DA:42,0
DA:43,0
DA:44,0
DA:45,0
DA:46,0
DA:47,0
DA:48,0
DA:49,0
DA:50,0
DA:51,0
DA:52,0
DA:53,0
DA:54,0
DA:55,0
DA:56,0
DA:57,0
DA:58,0
DA:59,0
DA:60,0
DA:61,0
DA:62,0
DA:63,0
DA:64,0
DA:65,0
DA:66,0
DA:67,0
DA:68,0
DA:70,0
DA:71,0
DA:72,0
DA:73,0
DA:74,0
DA:75,0
DA:76,0
DA:77,0
DA:78,0
DA:79,0
DA:80,0
DA:81,0
DA:82,0
DA:83,0
DA:84,0
DA:85,0
DA:86,0
DA:87,0
DA:88,0
DA:89,0
DA:90,0
DA:91,0
DA:92,0
DA:93,0
DA:95,0
DA:96,0
DA:97,0
DA:98,0
DA:99,0
DA:100,0
DA:101,0
DA:102,0
DA:103,0
DA:104,0
DA:105,0
DA:106,0
DA:107,0
DA:108,0
DA:109,0
DA:110,0
DA:111,0
DA:112,0
DA:113,0
DA:114,0
DA:115,0
DA:116,0
DA:117,0
DA:118,0
DA:119,0
DA:120,0
DA:121,0
DA:122,0
DA:123,0
DA:124,0
DA:125,0
DA:126,0
DA:127,0
DA:128,0
DA:129,0
DA:130,0
DA:131,0
DA:132,0
DA:133,0
DA:134,0
DA:135,0
DA:136,0
DA:137,0
DA:138,0
DA:139,0
DA:140,0
DA:141,0
DA:142,0
DA:143,0
DA:144,0
DA:145,0
DA:146,0
DA:147,0
DA:148,0
DA:149,0
DA:150,0
DA:151,0
DA:152,0
DA:153,0
DA:154,0
DA:155,0
DA:156,0
DA:157,0
DA:158,0
DA:159,0
DA:160,0
DA:161,0
DA:162,0
DA:163,0
DA:164,0
DA:165,0
DA:166,0
DA:167,0
DA:168,0
DA:169,0
DA:170,0
DA:171,0
DA:172,0
DA:173,0
DA:174,0
DA:175,0
DA:176,0
DA:177,0
DA:178,0
DA:179,0
DA:180,0
DA:181,0
DA:182,0
DA:183,0
DA:184,0
DA:185,0
DA:186,0
DA:187,0
DA:188,0
DA:189,0
DA:190,0
DA:191,0
DA:192,0
DA:193,0
DA:194,0
DA:195,0
DA:196,0
DA:197,0
DA:198,0
DA:199,0
DA:200,0
DA:201,0
DA:202,0
DA:203,0
DA:204,0
DA:205,0
DA:206,0
DA:207,0
DA:208,0
DA:210,0
DA:211,0
DA:212,0
DA:213,0
DA:214,0
DA:215,0
DA:216,0
DA:217,0
DA:218,0
DA:219,0
DA:220,0
DA:221,0
DA:222,0
DA:223,0
DA:224,0
DA:225,0
DA:226,0
DA:227,0
DA:228,0
DA:229,0
DA:230,0
DA:231,0
DA:232,0
DA:233,0
DA:235,0
DA:236,0
DA:237,0
DA:238,0
DA:239,0
DA:240,0
DA:241,0
DA:242,0
DA:243,0
DA:244,0
DA:245,0
DA:246,0
DA:247,0
DA:248,0
DA:249,0
DA:250,0
DA:251,0
DA:252,0
DA:253,0
DA:254,0
DA:255,0
DA:257,0
DA:258,0
DA:259,0
DA:260,0
DA:261,0
DA:262,0
DA:263,0
DA:264,0
DA:265,0
DA:266,0
DA:267,0
DA:268,0
DA:269,0
DA:270,0
DA:271,0
DA:272,0
DA:273,0
DA:274,0
DA:275,0
DA:276,0
DA:277,0
DA:278,0
DA:279,0
DA:280,0
DA:281,0
DA:282,0
DA:283,0
DA:284,0
DA:285,0
DA:286,0
DA:287,0
DA:289,0
DA:290,0
DA:291,0
DA:292,0
DA:293,0
DA:294,0
DA:295,0
DA:296,0
DA:297,0
DA:298,0
DA:299,0
DA:300,0
DA:301,0
DA:302,0
DA:303,0
DA:304,0
DA:305,0
DA:306,0
DA:308,0
DA:309,0
DA:310,0
DA:311,0
DA:312,0
DA:313,0
DA:314,0
DA:315,0
DA:316,0
DA:317,0
DA:318,0
DA:319,0
DA:320,0
DA:321,0
DA:322,0
DA:323,0
DA:324,0
DA:325,0
DA:326,0
DA:327,0
DA:328,0
DA:329,0
DA:330,0
DA:331,0
DA:332,0
DA:333,0
DA:334,0
DA:336,0
DA:337,0
DA:338,0
DA:339,0
DA:340,0
DA:341,0
DA:342,0
DA:343,0
DA:345,0
DA:346,0
DA:347,0
DA:348,0
DA:349,0
DA:350,0
DA:351,0
DA:352,0
DA:354,0
DA:355,0
DA:356,0
DA:357,0
DA:358,0
DA:359,0
DA:360,0
DA:361,0
DA:363,0
DA:364,0
DA:365,0
DA:366,0
DA:367,0
DA:368,0
DA:369,0
DA:370,0
DA:371,0
DA:372,0
DA:373,0
DA:374,0
DA:375,0
DA:376,0
DA:378,0
DA:379,0
DA:380,0
DA:381,0
DA:382,0
DA:383,0
DA:384,0
DA:385,0
DA:387,0
LF:353
LH:0
BRF:0
BRH:0
FNF:1
FNH:0
end_of_record
SF:D:\3204-Ridham.C-24-Dotnet\DotNetCoreAdvance\Day2\Practice\Practice1\Source\SignalRPractice\Migrations\ContextModelSnapshot.cs
FN:16,System.Void SignalRPractice.Migrations.ContextModelSnapshot::BuildModel(Microsoft.EntityFrameworkCore.ModelBuilder)
FNDA:0,System.Void SignalRPractice.Migrations.ContextModelSnapshot::BuildModel(Microsoft.EntityFrameworkCore.ModelBuilder)
DA:17,0
DA:19,0
DA:20,0
DA:21,0
DA:23,0
DA:25,0
DA:26,0
DA:27,0
DA:28,0
DA:29,0
DA:30,0
DA:31,0
DA:32,0
DA:33,0
DA:34,0
DA:35,0
DA:36,0
DA:37,0
DA:38,0
DA:39,0
DA:40,0
DA:41,0
DA:42,0
DA:43,0
DA:44,0
DA:45,0
DA:46,0
DA:47,0
DA:48,0
DA:49,0
DA:50,0
DA:51,0
DA:52,0
DA:53,0
DA:54,0
DA:55,0
DA:56,0
DA:57,0
DA:58,0
DA:59,0
DA:60,0
DA:61,0
DA:62,0
DA:63,0
DA:64,0
DA:65,0
DA:66,0
DA:68,0
DA:69,0
DA:70,0
DA:71,0
DA:72,0
DA:73,0
DA:74,0
DA:75,0
DA:76,0
DA:77,0
DA:78,0
DA:79,0
DA:80,0
DA:81,0
DA:82,0
DA:83,0
DA:84,0
DA:85,0
DA:86,0
DA:87,0
DA:88,0
DA:89,0
DA:90,0
DA:91,0
DA:93,0
DA:94,0
DA:95,0
DA:96,0
DA:97,0
DA:98,0
DA:99,0
DA:100,0
DA:101,0
DA:102,0
DA:103,0
DA:104,0
DA:105,0
DA:106,0
DA:107,0
DA:108,0
DA:109,0
DA:110,0
DA:111,0
DA:112,0
DA:113,0
DA:114,0
DA:115,0
DA:116,0
DA:117,0
DA:118,0
DA:119,0
DA:120,0
DA:121,0
DA:122,0
DA:123,0
DA:124,0
DA:125,0
DA:126,0
DA:127,0
DA:128,0
DA:129,0
DA:130,0
DA:131,0
DA:132,0
DA:133,0
DA:134,0
DA:135,0
DA:136,0
DA:137,0
DA:138,0
DA:139,0
DA:140,0
DA:141,0
DA:142,0
DA:143,0
DA:144,0
DA:145,0
DA:146,0
DA:147,0
DA:148,0
DA:149,0
DA:150,0
DA:151,0
DA:152,0
DA:153,0
DA:154,0
DA:155,0
DA:156,0
DA:157,0
DA:158,0
DA:159,0
DA:160,0
DA:161,0
DA:162,0
DA:163,0
DA:164,0
DA:165,0
DA:166,0
DA:167,0
DA:168,0
DA:169,0
DA:170,0
DA:171,0
DA:172,0
DA:173,0
DA:174,0
DA:175,0
DA:176,0
DA:177,0
DA:178,0
DA:179,0
DA:180,0
DA:181,0
DA:182,0
DA:183,0
DA:184,0
DA:185,0
DA:186,0
DA:187,0
DA:188,0
DA:189,0
DA:190,0
DA:191,0
DA:192,0
DA:193,0
DA:194,0
DA:195,0
DA:196,0
DA:197,0
DA:198,0
DA:199,0
DA:200,0
DA:201,0
DA:202,0
DA:203,0
DA:204,0
DA:205,0
DA:206,0
DA:208,0
DA:209,0
DA:210,0
DA:211,0
DA:212,0
DA:213,0
DA:214,0
DA:215,0
DA:216,0
DA:217,0
DA:218,0
DA:219,0
DA:220,0
DA:221,0
DA:222,0
DA:223,0
DA:224,0
DA:225,0
DA:226,0
DA:227,0
DA:228,0
DA:229,0
DA:230,0
DA:231,0
DA:233,0
DA:234,0
DA:235,0
DA:236,0
DA:237,0
DA:238,0
DA:239,0
DA:240,0
DA:241,0
DA:242,0
DA:243,0
DA:244,0
DA:245,0
DA:246,0
DA:247,0
DA:248,0
DA:249,0
DA:250,0
DA:251,0
DA:252,0
DA:253,0
DA:255,0
DA:256,0
DA:257,0
DA:258,0
DA:259,0
DA:260,0
DA:261,0
DA:262,0
DA:263,0
DA:264,0
DA:265,0
DA:266,0
DA:267,0
DA:268,0
DA:269,0
DA:270,0
DA:271,0
DA:272,0
DA:273,0
DA:274,0
DA:275,0
DA:276,0
DA:277,0
DA:278,0
DA:279,0
DA:280,0
DA:281,0
DA:282,0
DA:283,0
DA:284,0
DA:285,0
DA:287,0
DA:288,0
DA:289,0
DA:290,0
DA:291,0
DA:292,0
DA:293,0
DA:294,0
DA:295,0
DA:296,0
DA:297,0
DA:298,0
DA:299,0
DA:300,0
DA:301,0
DA:302,0
DA:303,0
DA:304,0
DA:306,0
DA:307,0
DA:308,0
DA:309,0
DA:310,0
DA:311,0
DA:312,0
DA:313,0
DA:314,0
DA:315,0
DA:316,0
DA:317,0
DA:318,0
DA:319,0
DA:320,0
DA:321,0
DA:322,0
DA:323,0
DA:324,0
DA:325,0
DA:326,0
DA:327,0
DA:328,0
DA:329,0
DA:330,0
DA:331,0
DA:332,0
DA:334,0
DA:335,0
DA:336,0
DA:337,0
DA:338,0
DA:339,0
DA:340,0
DA:341,0
DA:343,0
DA:344,0
DA:345,0
DA:346,0
DA:347,0
DA:348,0
DA:349,0
DA:350,0
DA:352,0
DA:353,0
DA:354,0
DA:355,0
DA:356,0
DA:357,0
DA:358,0
DA:359,0
DA:361,0
DA:362,0
DA:363,0
DA:364,0
DA:365,0
DA:366,0
DA:367,0
DA:368,0
DA:369,0
DA:370,0
DA:371,0
DA:372,0
DA:373,0
DA:374,0
DA:376,0
DA:377,0
DA:378,0
DA:379,0
DA:380,0
DA:381,0
DA:382,0
DA:383,0
DA:385,0
LF:353
LH:0
BRF:0
BRH:0
FNF:1
FNH:0
end_of_record
SF:D:\3204-Ridham.C-24-Dotnet\DotNetCoreAdvance\Day2\Practice\Practice1\Source\SignalRPractice\Hubs\ChatHub.cs
FN:11,System.Void SignalRPractice.Hubs.ChatHub::.ctor(SignalRPractice.Repository.IRepo.IChatRepository)
FNDA:0,System.Void SignalRPractice.Hubs.ChatHub::.ctor(SignalRPractice.Repository.IRepo.IChatRepository)
DA:12,0
DA:13,0
DA:14,0
DA:15,0
FN:41,System.Void SignalRPractice.Hubs.ChatHub/<LoadMessage>d__3::MoveNext()
FNDA:0,System.Void SignalRPractice.Hubs.ChatHub/<LoadMessage>d__3::MoveNext()
DA:42,0
DA:44,0
DA:46,0
DA:47,0
DA:48,0
DA:49,0
DA:50,0
DA:51,0
DA:52,0
DA:53,0
DA:54,0
FN:56,System.Void SignalRPractice.Hubs.ChatHub/<LoadSepecific>d__4::MoveNext()
FNDA:0,System.Void SignalRPractice.Hubs.ChatHub/<LoadSepecific>d__4::MoveNext()
DA:57,0
DA:59,0
DA:60,0
DA:62,0
DA:64,0
DA:65,0
DA:66,0
DA:67,0
DA:68,0
DA:69,0
FN:17,System.Void SignalRPractice.Hubs.ChatHub/<SendPrivateMessage>d__2::MoveNext()
FNDA:0,System.Void SignalRPractice.Hubs.ChatHub/<SendPrivateMessage>d__2::MoveNext()
DA:18,0
DA:20,0
DA:21,0
DA:22,0
DA:23,0
DA:24,0
DA:25,0
DA:26,0
DA:27,0
DA:29,0
DA:30,0
DA:33,0
DA:34,0
DA:35,0
DA:36,0
DA:37,0
DA:38,0
DA:39,0
LF:43
LH:0
BRF:0
BRH:0
FNF:4
FNH:0
end_of_record
SF:D:\3204-Ridham.C-24-Dotnet\DotNetCoreAdvance\Day2\Practice\Practice1\Source\SignalRPractice\Hubs\UserHub.cs
FN:6,System.Int32 SignalRPractice.Hubs.UserHub::get_TotalView()
FNDA:0,System.Int32 SignalRPractice.Hubs.UserHub::get_TotalView()
DA:7,0
FN:8,System.Int32 SignalRPractice.Hubs.UserHub::get_ViewCount()
FNDA:0,System.Int32 SignalRPractice.Hubs.UserHub::get_ViewCount()
DA:9,0
FN:10,System.Threading.Tasks.Task SignalRPractice.Hubs.UserHub::OnConnectedAsync()
FNDA:0,System.Threading.Tasks.Task SignalRPractice.Hubs.UserHub::OnConnectedAsync()
DA:11,0
DA:12,0
DA:13,0
DA:14,0
DA:15,0
FN:17,System.Threading.Tasks.Task SignalRPractice.Hubs.UserHub::OnDisconnectedAsync(System.Exception)
FNDA:0,System.Threading.Tasks.Task SignalRPractice.Hubs.UserHub::OnDisconnectedAsync(System.Exception)
DA:18,0
DA:19,0
DA:20,0
DA:21,0
DA:22,0
FN:24,System.Void SignalRPractice.Hubs.UserHub/<Increament>d__10::MoveNext()
FNDA:0,System.Void SignalRPractice.Hubs.UserHub/<Increament>d__10::MoveNext()
DA:25,0
DA:26,0
DA:27,0
DA:28,0
LF:16
LH:0
BRF:0
BRH:0
FNF:5
FNH:0
end_of_record
SF:D:\3204-Ridham.C-24-Dotnet\DotNetCoreAdvance\Day2\Practice\Practice1\Source\SignalRPractice\DTO\User.cs
FN:2,System.String SignalRPractice.DTO.UserLogin::get_email()
FNDA:8,System.String SignalRPractice.DTO.UserLogin::get_email()
DA:3,8
FN:3,System.String SignalRPractice.DTO.Contacts::get_id()
FNDA:0,System.String SignalRPractice.DTO.Contacts::get_id()
DA:4,0
LF:2
LH:1
BRF:0
BRH:0
FNF:2
FNH:1
end_of_record
SF:D:\3204-Ridham.C-24-Dotnet\DotNetCoreAdvance\Day2\Practice\Practice1\Source\SignalRPractice\Data\Context.cs
FN:9,Microsoft.EntityFrameworkCore.DbSet`1<SignalRPractice.Models.Chat> SignalRPractice.Data.Context::get_Chats()
FNDA:0,Microsoft.EntityFrameworkCore.DbSet`1<SignalRPractice.Models.Chat> SignalRPractice.Data.Context::get_Chats()
DA:10,0
FN:15,System.Void SignalRPractice.Data.Context::OnModelCreating(Microsoft.EntityFrameworkCore.ModelBuilder)
FNDA:0,System.Void SignalRPractice.Data.Context::OnModelCreating(Microsoft.EntityFrameworkCore.ModelBuilder)
DA:16,0
DA:17,0
DA:20,0
DA:21,0
DA:22,0
DA:23,0
DA:24,0
DA:26,0
DA:28,0
DA:30,0
DA:32,0
DA:34,0
DA:36,0
DA:38,0
DA:40,0
DA:41,0
DA:42,0
DA:43,0
DA:44,0
DA:45,0
DA:48,0
DA:49,0
DA:50,0
DA:51,0
DA:52,0
DA:53,0
DA:54,0
FN:10,System.Void SignalRPractice.Data.Context::.ctor(Microsoft.EntityFrameworkCore.DbContextOptions)
FNDA:0,System.Void SignalRPractice.Data.Context::.ctor(Microsoft.EntityFrameworkCore.DbContextOptions)
DA:11,0
DA:12,0
DA:13,0
LF:31
LH:0
BRF:0
BRH:0
FNF:3
FNH:0
end_of_record
SF:D:\3204-Ridham.C-24-Dotnet\DotNetCoreAdvance\Day2\Practice\Practice1\Source\SignalRPractice\Controllers\AuthController.cs
FN:15,System.Void SignalRPractice.Controllers.AuthController::.ctor(Microsoft.AspNetCore.Identity.UserManager`1<Microsoft.AspNetCore.Identity.IdentityUser>,SignalRPractice.Service.TokenService)
FNDA:3,System.Void SignalRPractice.Controllers.AuthController::.ctor(Microsoft.AspNetCore.Identity.UserManager`1<Microsoft.AspNetCore.Identity.IdentityUser>,SignalRPractice.Service.TokenService)
DA:16,3
DA:17,3
DA:18,3
DA:19,3
DA:20,3
FN:23,System.Void SignalRPractice.Controllers.AuthController/<Login>d__3::MoveNext()
FNDA:3,System.Void SignalRPractice.Controllers.AuthController/<Login>d__3::MoveNext()
DA:24,3
DA:25,3
DA:27,3
DA:28,2
DA:29,2
DA:31,2
DA:32,1
DA:33,1
DA:36,1
DA:38,1
DA:41,1
DA:42,3
BRDA:27,194,0,2
BRDA:31,356,0,1
BRDA:31,356,1,1
BRDA:27,194,1,1
LF:17
LH:17
BRF:4
BRH:4
FNF:2
FNH:2
end_of_record
SF:D:\3204-Ridham.C-24-Dotnet\DotNetCoreAdvance\Day2\Practice\Practice1\Source\SignalRPractice\Controllers\UserController.cs
FN:12,System.Void SignalRPractice.Controllers.UserController::.ctor(SignalRPractice.Repository.IRepo.IUserRepo)
FNDA:1,System.Void SignalRPractice.Controllers.UserController::.ctor(SignalRPractice.Repository.IRepo.IUserRepo)
DA:13,1
DA:14,1
DA:15,1
DA:16,1
FN:19,System.Void SignalRPractice.Controllers.UserController/<GetContacts>d__2::MoveNext()
FNDA:1,System.Void SignalRPractice.Controllers.UserController/<GetContacts>d__2::MoveNext()
DA:20,1
DA:21,1
DA:23,1
DA:24,1
LF:8
LH:8
BRF:0
BRH:0
FNF:2
FNH:2
end_of_record